# JRE version: Java(TM) SE Runtime Environment (8.0_181-b13) (build 1.8.0_181-b13)
# Java VM: Java HotSpot(TM) 64-Bit Server VM (25.181-b13 mixed mode windows-amd64 compressed oops)
Heap:
 PSYoungGen      total 76288K, used 21045K [0x000000076b300000, 0x0000000772880000, 0x00000007c0000000)
  eden space 65536K, 20% used [0x000000076b300000,0x000000076bfd3080,0x000000076f300000)
  from space 10752K, 73% used [0x000000076f300000,0x000000076faba6d8,0x000000076fd80000)
  to   space 10752K, 0% used [0x0000000771e00000,0x0000000771e00000,0x0000000772880000)
 ParOldGen       total 99840K, used 29416K [0x00000006c1800000, 0x00000006c7980000, 0x000000076b300000)
  object space 99840K, 29% used [0x00000006c1800000,0x00000006c34ba120,0x00000006c7980000)
 Metaspace       used 34139K, capacity 34408K, committed 34816K, reserved 1079296K
  class space    used 4188K, capacity 4281K, committed 4352K, reserved 1048576K
GC Heap History (8 events):
Event: 0.958 GC heap before
{Heap before GC invocations=1 (full 0):
 PSYoungGen      total 76288K, used 65536K [0x000000076b300000, 0x0000000770800000, 0x00000007c0000000)
  eden space 65536K, 100% used [0x000000076b300000,0x000000076f300000,0x000000076f300000)
  from space 10752K, 0% used [0x000000076fd80000,0x000000076fd80000,0x0000000770800000)
  to   space 10752K, 0% used [0x000000076f300000,0x000000076f300000,0x000000076fd80000)
 ParOldGen       total 175104K, used 0K [0x00000006c1800000, 0x00000006cc300000, 0x000000076b300000)
  object space 175104K, 0% used [0x00000006c1800000,0x00000006c1800000,0x00000006cc300000)
 Metaspace       used 19552K, capacity 19728K, committed 19968K, reserved 1067008K
  class space    used 2347K, capacity 2436K, committed 2560K, reserved 1048576K
Event: 0.966 GC heap after
Heap after GC invocations=1 (full 0):
 PSYoungGen      total 76288K, used 10736K [0x000000076b300000, 0x0000000770800000, 0x00000007c0000000)
  eden space 65536K, 0% used [0x000000076b300000,0x000000076b300000,0x000000076f300000)
  from space 10752K, 99% used [0x000000076f300000,0x000000076fd7c2a8,0x000000076fd80000)
  to   space 10752K, 0% used [0x000000076fd80000,0x000000076fd80000,0x0000000770800000)
 ParOldGen       total 175104K, used 447K [0x00000006c1800000, 0x00000006cc300000, 0x000000076b300000)
  object space 175104K, 0% used [0x00000006c1800000,0x00000006c186ff00,0x00000006cc300000)
 Metaspace       used 19552K, capacity 19728K, committed 19968K, reserved 1067008K
  class space    used 2347K, capacity 2436K, committed 2560K, reserved 1048576K
}
Event: 1.042 GC heap before
{Heap before GC invocations=2 (full 0):
 PSYoungGen      total 76288K, used 16424K [0x000000076b300000, 0x0000000770800000, 0x00000007c0000000)
  eden space 65536K, 8% used [0x000000076b300000,0x000000076b88de00,0x000000076f300000)
  from space 10752K, 99% used [0x000000076f300000,0x000000076fd7c2a8,0x000000076fd80000)
  to   space 10752K, 0% used [0x000000076fd80000,0x000000076fd80000,0x0000000770800000)
 ParOldGen       total 175104K, used 447K [0x00000006c1800000, 0x00000006cc300000, 0x000000076b300000)
  object space 175104K, 0% used [0x00000006c1800000,0x00000006c186ff00,0x00000006cc300000)
 Metaspace       used 21034K, capacity 21168K, committed 21248K, reserved 1069056K
  class space    used 2470K, capacity 2532K, committed 2560K, reserved 1048576K
Event: 1.046 GC heap after
Heap after GC invocations=2 (full 0):
 PSYoungGen      total 76288K, used 6462K [0x000000076b300000, 0x0000000774800000, 0x00000007c0000000)
  eden space 65536K, 0% used [0x000000076b300000,0x000000076b300000,0x000000076f300000)
  from space 10752K, 60% used [0x000000076fd80000,0x00000007703cfb30,0x0000000770800000)
  to   space 10752K, 0% used [0x000000076f300000,0x000000076f300000,0x000000076fd80000)
 ParOldGen       total 175104K, used 455K [0x00000006c1800000, 0x00000006cc300000, 0x000000076b300000)
  object space 175104K, 0% used [0x00000006c1800000,0x00000006c1871f00,0x00000006cc300000)
 Metaspace       used 21034K, capacity 21168K, committed 21248K, reserved 1069056K
  class space    used 2470K, capacity 2532K, committed 2560K, reserved 1048576K
}
Event: 1.046 GC heap before
{Heap before GC invocations=3 (full 1):
 PSYoungGen      total 76288K, used 6462K [0x000000076b300000, 0x0000000774800000, 0x00000007c0000000)
  eden space 65536K, 0% used [0x000000076b300000,0x000000076b300000,0x000000076f300000)
  from space 10752K, 60% used [0x000000076fd80000,0x00000007703cfb30,0x0000000770800000)
  to   space 10752K, 0% used [0x000000076f300000,0x000000076f300000,0x000000076fd80000)
 ParOldGen       total 175104K, used 455K [0x00000006c1800000, 0x00000006cc300000, 0x000000076b300000)
  object space 175104K, 0% used [0x00000006c1800000,0x00000006c1871f00,0x00000006cc300000)
 Metaspace       used 21034K, capacity 21168K, committed 21248K, reserved 1069056K
  class space    used 2470K, capacity 2532K, committed 2560K, reserved 1048576K
Event: 1.065 GC heap after
Heap after GC invocations=3 (full 1):
 PSYoungGen      total 76288K, used 0K [0x000000076b300000, 0x0000000774800000, 0x00000007c0000000)
  eden space 65536K, 0% used [0x000000076b300000,0x000000076b300000,0x000000076f300000)
  from space 10752K, 0% used [0x000000076fd80000,0x000000076fd80000,0x0000000770800000)
  to   space 10752K, 0% used [0x000000076f300000,0x000000076f300000,0x000000076fd80000)
 ParOldGen       total 99840K, used 6300K [0x00000006c1800000, 0x00000006c7980000, 0x000000076b300000)
  object space 99840K, 6% used [0x00000006c1800000,0x00000006c1e272f0,0x00000006c7980000)
 Metaspace       used 21034K, capacity 21168K, committed 21248K, reserved 1069056K
  class space    used 2470K, capacity 2532K, committed 2560K, reserved 1048576K
}
Event: 5.108 GC heap before
{Heap before GC invocations=4 (full 1):
 PSYoungGen      total 76288K, used 65536K [0x000000076b300000, 0x0000000774800000, 0x00000007c0000000)
  eden space 65536K, 100% used [0x000000076b300000,0x000000076f300000,0x000000076f300000)
  from space 10752K, 0% used [0x000000076fd80000,0x000000076fd80000,0x0000000770800000)
  to   space 10752K, 0% used [0x000000076f300000,0x000000076f300000,0x000000076fd80000)
 ParOldGen       total 99840K, used 6300K [0x00000006c1800000, 0x00000006c7980000, 0x000000076b300000)
  object space 99840K, 6% used [0x00000006c1800000,0x00000006c1e272f0,0x00000006c7980000)
 Metaspace       used 32840K, capacity 33090K, committed 33408K, reserved 1079296K
  class space    used 4041K, capacity 4118K, committed 4224K, reserved 1048576K
Event: 5.117 GC heap after
Heap after GC invocations=4 (full 1):
 PSYoungGen      total 76288K, used 7913K [0x000000076b300000, 0x0000000772880000, 0x00000007c0000000)
  eden space 65536K, 0% used [0x000000076b300000,0x000000076b300000,0x000000076f300000)
  from space 10752K, 73% used [0x000000076f300000,0x000000076faba6d8,0x000000076fd80000)
  to   space 10752K, 0% used [0x0000000771e00000,0x0000000771e00000,0x0000000772880000)
 ParOldGen       total 99840K, used 29416K [0x00000006c1800000, 0x00000006c7980000, 0x000000076b300000)
  object space 99840K, 29% used [0x00000006c1800000,0x00000006c34ba120,0x00000006c7980000)
 Metaspace       used 32840K, capacity 33090K, committed 33408K, reserved 1079296K
  class space    used 4041K, capacity 4118K, committed 4224K, reserved 1048576K
}

