# JRE version: Java(TM) SE Runtime Environment (8.0_181-b13) (build 1.8.0_181-b13)
# Java VM: Java HotSpot(TM) 64-Bit Server VM (25.181-b13 mixed mode windows-amd64 compressed oops)
Heap:
 PSYoungGen      total 76288K, used 22940K [0x000000076b300000, 0x0000000772b00000, 0x00000007c0000000)
  eden space 65536K, 18% used [0x000000076b300000,0x000000076beebc70,0x000000076f300000)
  from space 10752K, 99% used [0x000000076f300000,0x000000076fd7b610,0x000000076fd80000)
  to   space 10752K, 0% used [0x0000000772080000,0x0000000772080000,0x0000000772b00000)
 ParOldGen       total 97280K, used 22958K [0x00000006c1800000, 0x00000006c7700000, 0x000000076b300000)
  object space 97280K, 23% used [0x00000006c1800000,0x00000006c2e6bac0,0x00000006c7700000)
 Metaspace       used 34305K, capacity 34536K, committed 34816K, reserved 1079296K
  class space    used 4183K, capacity 4281K, committed 4352K, reserved 1048576K
GC Heap History (8 events):
Event: 1.105 GC heap before
{Heap before GC invocations=1 (full 0):
 PSYoungGen      total 76288K, used 65536K [0x000000076b300000, 0x0000000770800000, 0x00000007c0000000)
  eden space 65536K, 100% used [0x000000076b300000,0x000000076f300000,0x000000076f300000)
  from space 10752K, 0% used [0x000000076fd80000,0x000000076fd80000,0x0000000770800000)
  to   space 10752K, 0% used [0x000000076f300000,0x000000076f300000,0x000000076fd80000)
 ParOldGen       total 175104K, used 0K [0x00000006c1800000, 0x00000006cc300000, 0x000000076b300000)
  object space 175104K, 0% used [0x00000006c1800000,0x00000006c1800000,0x00000006cc300000)
 Metaspace       used 19460K, capacity 19696K, committed 19840K, reserved 1067008K
  class space    used 2322K, capacity 2404K, committed 2432K, reserved 1048576K
Event: 1.116 GC heap after
Heap after GC invocations=1 (full 0):
 PSYoungGen      total 76288K, used 10733K [0x000000076b300000, 0x0000000770800000, 0x00000007c0000000)
  eden space 65536K, 0% used [0x000000076b300000,0x000000076b300000,0x000000076f300000)
  from space 10752K, 99% used [0x000000076f300000,0x000000076fd7b5b8,0x000000076fd80000)
  to   space 10752K, 0% used [0x000000076fd80000,0x000000076fd80000,0x0000000770800000)
 ParOldGen       total 175104K, used 554K [0x00000006c1800000, 0x00000006cc300000, 0x000000076b300000)
  object space 175104K, 0% used [0x00000006c1800000,0x00000006c188ab08,0x00000006cc300000)
 Metaspace       used 19460K, capacity 19696K, committed 19840K, reserved 1067008K
  class space    used 2322K, capacity 2404K, committed 2432K, reserved 1048576K
}
Event: 1.202 GC heap before
{Heap before GC invocations=2 (full 0):
 PSYoungGen      total 76288K, used 17679K [0x000000076b300000, 0x0000000770800000, 0x00000007c0000000)
  eden space 65536K, 10% used [0x000000076b300000,0x000000076b9c8730,0x000000076f300000)
  from space 10752K, 99% used [0x000000076f300000,0x000000076fd7b5b8,0x000000076fd80000)
  to   space 10752K, 0% used [0x000000076fd80000,0x000000076fd80000,0x0000000770800000)
 ParOldGen       total 175104K, used 554K [0x00000006c1800000, 0x00000006cc300000, 0x000000076b300000)
  object space 175104K, 0% used [0x00000006c1800000,0x00000006c188ab08,0x00000006cc300000)
 Metaspace       used 21018K, capacity 21168K, committed 21248K, reserved 1069056K
  class space    used 2458K, capacity 2532K, committed 2560K, reserved 1048576K
Event: 1.206 GC heap after
Heap after GC invocations=2 (full 0):
 PSYoungGen      total 76288K, used 6448K [0x000000076b300000, 0x0000000774800000, 0x00000007c0000000)
  eden space 65536K, 0% used [0x000000076b300000,0x000000076b300000,0x000000076f300000)
  from space 10752K, 59% used [0x000000076fd80000,0x00000007703cc3c0,0x0000000770800000)
  to   space 10752K, 0% used [0x000000076f300000,0x000000076f300000,0x000000076fd80000)
 ParOldGen       total 175104K, used 562K [0x00000006c1800000, 0x00000006cc300000, 0x000000076b300000)
  object space 175104K, 0% used [0x00000006c1800000,0x00000006c188cb08,0x00000006cc300000)
 Metaspace       used 21018K, capacity 21168K, committed 21248K, reserved 1069056K
  class space    used 2458K, capacity 2532K, committed 2560K, reserved 1048576K
}
Event: 1.207 GC heap before
{Heap before GC invocations=3 (full 1):
 PSYoungGen      total 76288K, used 6448K [0x000000076b300000, 0x0000000774800000, 0x00000007c0000000)
  eden space 65536K, 0% used [0x000000076b300000,0x000000076b300000,0x000000076f300000)
  from space 10752K, 59% used [0x000000076fd80000,0x00000007703cc3c0,0x0000000770800000)
  to   space 10752K, 0% used [0x000000076f300000,0x000000076f300000,0x000000076fd80000)
 ParOldGen       total 175104K, used 562K [0x00000006c1800000, 0x00000006cc300000, 0x000000076b300000)
  object space 175104K, 0% used [0x00000006c1800000,0x00000006c188cb08,0x00000006cc300000)
 Metaspace       used 21018K, capacity 21168K, committed 21248K, reserved 1069056K
  class space    used 2458K, capacity 2532K, committed 2560K, reserved 1048576K
Event: 1.227 GC heap after
Heap after GC invocations=3 (full 1):
 PSYoungGen      total 76288K, used 0K [0x000000076b300000, 0x0000000774800000, 0x00000007c0000000)
  eden space 65536K, 0% used [0x000000076b300000,0x000000076b300000,0x000000076f300000)
  from space 10752K, 0% used [0x000000076fd80000,0x000000076fd80000,0x0000000770800000)
  to   space 10752K, 0% used [0x000000076f300000,0x000000076f300000,0x000000076fd80000)
 ParOldGen       total 97280K, used 6339K [0x00000006c1800000, 0x00000006c7700000, 0x000000076b300000)
  object space 97280K, 6% used [0x00000006c1800000,0x00000006c1e30cf8,0x00000006c7700000)
 Metaspace       used 21018K, capacity 21168K, committed 21248K, reserved 1069056K
  class space    used 2458K, capacity 2532K, committed 2560K, reserved 1048576K
}
Event: 4.909 GC heap before
{Heap before GC invocations=4 (full 1):
 PSYoungGen      total 76288K, used 65536K [0x000000076b300000, 0x0000000774800000, 0x00000007c0000000)
  eden space 65536K, 100% used [0x000000076b300000,0x000000076f300000,0x000000076f300000)
  from space 10752K, 0% used [0x000000076fd80000,0x000000076fd80000,0x0000000770800000)
  to   space 10752K, 0% used [0x000000076f300000,0x000000076f300000,0x000000076fd80000)
 ParOldGen       total 97280K, used 6339K [0x00000006c1800000, 0x00000006c7700000, 0x000000076b300000)
  object space 97280K, 6% used [0x00000006c1800000,0x00000006c1e30cf8,0x00000006c7700000)
 Metaspace       used 33012K, capacity 33250K, committed 33664K, reserved 1079296K
  class space    used 4061K, capacity 4150K, committed 4224K, reserved 1048576K
Event: 4.917 GC heap after
Heap after GC invocations=4 (full 1):
 PSYoungGen      total 76288K, used 10733K [0x000000076b300000, 0x0000000772b00000, 0x00000007c0000000)
  eden space 65536K, 0% used [0x000000076b300000,0x000000076b300000,0x000000076f300000)
  from space 10752K, 99% used [0x000000076f300000,0x000000076fd7b610,0x000000076fd80000)
  to   space 10752K, 0% used [0x0000000772080000,0x0000000772080000,0x0000000772b00000)
 ParOldGen       total 97280K, used 22958K [0x00000006c1800000, 0x00000006c7700000, 0x000000076b300000)
  object space 97280K, 23% used [0x00000006c1800000,0x00000006c2e6bac0,0x00000006c7700000)
 Metaspace       used 33012K, capacity 33250K, committed 33664K, reserved 1079296K
  class space    used 4061K, capacity 4150K, committed 4224K, reserved 1048576K
}

