# JRE version: Java(TM) SE Runtime Environment (8.0_181-b13) (build 1.8.0_181-b13)
# Java VM: Java HotSpot(TM) 64-Bit Server VM (25.181-b13 mixed mode windows-amd64 compressed oops)
Heap:
 PSYoungGen      total 76288K, used 26772K [0x000000076b300000, 0x0000000771b80000, 0x00000007c0000000)
  eden space 65536K, 24% used [0x000000076b300000,0x000000076c2a77d8,0x000000076f300000)
  from space 10752K, 99% used [0x000000076f300000,0x000000076fd7da10,0x000000076fd80000)
  to   space 10752K, 0% used [0x0000000771100000,0x0000000771100000,0x0000000771b80000)
 ParOldGen       total 114176K, used 23735K [0x00000006c1800000, 0x00000006c8780000, 0x000000076b300000)
  object space 114176K, 20% used [0x00000006c1800000,0x00000006c2f2df50,0x00000006c8780000)
 Metaspace       used 34369K, capacity 34616K, committed 35072K, reserved 1079296K
  class space    used 4203K, capacity 4313K, committed 4352K, reserved 1048576K
GC Heap History (8 events):
Event: 0.994 GC heap before
{Heap before GC invocations=1 (full 0):
 PSYoungGen      total 76288K, used 65536K [0x000000076b300000, 0x0000000770800000, 0x00000007c0000000)
  eden space 65536K, 100% used [0x000000076b300000,0x000000076f300000,0x000000076f300000)
  from space 10752K, 0% used [0x000000076fd80000,0x000000076fd80000,0x0000000770800000)
  to   space 10752K, 0% used [0x000000076f300000,0x000000076f300000,0x000000076fd80000)
 ParOldGen       total 175104K, used 0K [0x00000006c1800000, 0x00000006cc300000, 0x000000076b300000)
  object space 175104K, 0% used [0x00000006c1800000,0x00000006c1800000,0x00000006cc300000)
 Metaspace       used 18799K, capacity 18970K, committed 19328K, reserved 1067008K
  class space    used 2267K, capacity 2339K, committed 2432K, reserved 1048576K
Event: 1.001 GC heap after
Heap after GC invocations=1 (full 0):
 PSYoungGen      total 76288K, used 10317K [0x000000076b300000, 0x0000000770800000, 0x00000007c0000000)
  eden space 65536K, 0% used [0x000000076b300000,0x000000076b300000,0x000000076f300000)
  from space 10752K, 95% used [0x000000076f300000,0x000000076fd13560,0x000000076fd80000)
  to   space 10752K, 0% used [0x000000076fd80000,0x000000076fd80000,0x0000000770800000)
 ParOldGen       total 175104K, used 88K [0x00000006c1800000, 0x00000006cc300000, 0x000000076b300000)
  object space 175104K, 0% used [0x00000006c1800000,0x00000006c1816010,0x00000006cc300000)
 Metaspace       used 18799K, capacity 18970K, committed 19328K, reserved 1067008K
  class space    used 2267K, capacity 2339K, committed 2432K, reserved 1048576K
}
Event: 2.058 GC heap before
{Heap before GC invocations=2 (full 0):
 PSYoungGen      total 76288K, used 21139K [0x000000076b300000, 0x0000000770800000, 0x00000007c0000000)
  eden space 65536K, 16% used [0x000000076b300000,0x000000076bd91940,0x000000076f300000)
  from space 10752K, 95% used [0x000000076f300000,0x000000076fd13560,0x000000076fd80000)
  to   space 10752K, 0% used [0x000000076fd80000,0x000000076fd80000,0x0000000770800000)
 ParOldGen       total 175104K, used 88K [0x00000006c1800000, 0x00000006cc300000, 0x000000076b300000)
  object space 175104K, 0% used [0x00000006c1800000,0x00000006c1816010,0x00000006cc300000)
 Metaspace       used 21000K, capacity 21152K, committed 21248K, reserved 1069056K
  class space    used 2457K, capacity 2532K, committed 2560K, reserved 1048576K
Event: 2.063 GC heap after
Heap after GC invocations=2 (full 0):
 PSYoungGen      total 76288K, used 7065K [0x000000076b300000, 0x0000000770800000, 0x00000007c0000000)
  eden space 65536K, 0% used [0x000000076b300000,0x000000076b300000,0x000000076f300000)
  from space 10752K, 65% used [0x000000076fd80000,0x0000000770466588,0x0000000770800000)
  to   space 10752K, 0% used [0x000000076f300000,0x000000076f300000,0x000000076fd80000)
 ParOldGen       total 175104K, used 96K [0x00000006c1800000, 0x00000006cc300000, 0x000000076b300000)
  object space 175104K, 0% used [0x00000006c1800000,0x00000006c1818010,0x00000006cc300000)
 Metaspace       used 21000K, capacity 21152K, committed 21248K, reserved 1069056K
  class space    used 2457K, capacity 2532K, committed 2560K, reserved 1048576K
}
Event: 2.063 GC heap before
{Heap before GC invocations=3 (full 1):
 PSYoungGen      total 76288K, used 7065K [0x000000076b300000, 0x0000000770800000, 0x00000007c0000000)
  eden space 65536K, 0% used [0x000000076b300000,0x000000076b300000,0x000000076f300000)
  from space 10752K, 65% used [0x000000076fd80000,0x0000000770466588,0x0000000770800000)
  to   space 10752K, 0% used [0x000000076f300000,0x000000076f300000,0x000000076fd80000)
 ParOldGen       total 175104K, used 96K [0x00000006c1800000, 0x00000006cc300000, 0x000000076b300000)
  object space 175104K, 0% used [0x00000006c1800000,0x00000006c1818010,0x00000006cc300000)
 Metaspace       used 21000K, capacity 21152K, committed 21248K, reserved 1069056K
  class space    used 2457K, capacity 2532K, committed 2560K, reserved 1048576K
Event: 2.083 GC heap after
Heap after GC invocations=3 (full 1):
 PSYoungGen      total 76288K, used 0K [0x000000076b300000, 0x0000000770800000, 0x00000007c0000000)
  eden space 65536K, 0% used [0x000000076b300000,0x000000076b300000,0x000000076f300000)
  from space 10752K, 0% used [0x000000076fd80000,0x000000076fd80000,0x0000000770800000)
  to   space 10752K, 0% used [0x000000076f300000,0x000000076f300000,0x000000076fd80000)
 ParOldGen       total 114176K, used 6885K [0x00000006c1800000, 0x00000006c8780000, 0x000000076b300000)
  object space 114176K, 6% used [0x00000006c1800000,0x00000006c1eb94c8,0x00000006c8780000)
 Metaspace       used 21000K, capacity 21152K, committed 21248K, reserved 1069056K
  class space    used 2457K, capacity 2532K, committed 2560K, reserved 1048576K
}
Event: 7.658 GC heap before
{Heap before GC invocations=4 (full 1):
 PSYoungGen      total 76288K, used 65536K [0x000000076b300000, 0x0000000770800000, 0x00000007c0000000)
  eden space 65536K, 100% used [0x000000076b300000,0x000000076f300000,0x000000076f300000)
  from space 10752K, 0% used [0x000000076fd80000,0x000000076fd80000,0x0000000770800000)
  to   space 10752K, 0% used [0x000000076f300000,0x000000076f300000,0x000000076fd80000)
 ParOldGen       total 114176K, used 6885K [0x00000006c1800000, 0x00000006c8780000, 0x000000076b300000)
  object space 114176K, 6% used [0x00000006c1800000,0x00000006c1eb94c8,0x00000006c8780000)
 Metaspace       used 32105K, capacity 32370K, committed 32768K, reserved 1077248K
  class space    used 3918K, capacity 3990K, committed 4096K, reserved 1048576K
Event: 7.665 GC heap after
Heap after GC invocations=4 (full 1):
 PSYoungGen      total 76288K, used 10742K [0x000000076b300000, 0x0000000771b80000, 0x00000007c0000000)
  eden space 65536K, 0% used [0x000000076b300000,0x000000076b300000,0x000000076f300000)
  from space 10752K, 99% used [0x000000076f300000,0x000000076fd7da10,0x000000076fd80000)
  to   space 10752K, 0% used [0x0000000771100000,0x0000000771100000,0x0000000771b80000)
 ParOldGen       total 114176K, used 23735K [0x00000006c1800000, 0x00000006c8780000, 0x000000076b300000)
  object space 114176K, 20% used [0x00000006c1800000,0x00000006c2f2df50,0x00000006c8780000)
 Metaspace       used 32105K, capacity 32370K, committed 32768K, reserved 1077248K
  class space    used 3918K, capacity 3990K, committed 4096K, reserved 1048576K
}

