# JRE version: Java(TM) SE Runtime Environment (8.0_181-b13) (build 1.8.0_181-b13)
# Java VM: Java HotSpot(TM) 64-Bit Server VM (25.181-b13 mixed mode windows-amd64 compressed oops)
Heap:
 PSYoungGen      total 76288K, used 25373K [0x000000076b300000, 0x0000000772980000, 0x00000007c0000000)
  eden space 65536K, 22% used [0x000000076b300000,0x000000076c149d78,0x000000076f300000)
  from space 10752K, 99% used [0x000000076f300000,0x000000076fd7da10,0x000000076fd80000)
  to   space 10752K, 0% used [0x0000000771f00000,0x0000000771f00000,0x0000000772980000)
 ParOldGen       total 98304K, used 11028K [0x00000006c1800000, 0x00000006c7800000, 0x000000076b300000)
  object space 98304K, 11% used [0x00000006c1800000,0x00000006c22c5200,0x00000006c7800000)
 Metaspace       used 34425K, capacity 34696K, committed 35072K, reserved 1079296K
  class space    used 4208K, capacity 4313K, committed 4352K, reserved 1048576K
GC Heap History (8 events):
Event: 1.051 GC heap before
{Heap before GC invocations=1 (full 0):
 PSYoungGen      total 76288K, used 65536K [0x000000076b300000, 0x0000000770800000, 0x00000007c0000000)
  eden space 65536K, 100% used [0x000000076b300000,0x000000076f300000,0x000000076f300000)
  from space 10752K, 0% used [0x000000076fd80000,0x000000076fd80000,0x0000000770800000)
  to   space 10752K, 0% used [0x000000076f300000,0x000000076f300000,0x000000076fd80000)
 ParOldGen       total 175104K, used 0K [0x00000006c1800000, 0x00000006cc300000, 0x000000076b300000)
  object space 175104K, 0% used [0x00000006c1800000,0x00000006c1800000,0x00000006cc300000)
 Metaspace       used 19544K, capacity 19728K, committed 19968K, reserved 1067008K
  class space    used 2345K, capacity 2436K, committed 2560K, reserved 1048576K
Event: 1.058 GC heap after
Heap after GC invocations=1 (full 0):
 PSYoungGen      total 76288K, used 10724K [0x000000076b300000, 0x0000000770800000, 0x00000007c0000000)
  eden space 65536K, 0% used [0x000000076b300000,0x000000076b300000,0x000000076f300000)
  from space 10752K, 99% used [0x000000076f300000,0x000000076fd79078,0x000000076fd80000)
  to   space 10752K, 0% used [0x000000076fd80000,0x000000076fd80000,0x0000000770800000)
 ParOldGen       total 175104K, used 383K [0x00000006c1800000, 0x00000006cc300000, 0x000000076b300000)
  object space 175104K, 0% used [0x00000006c1800000,0x00000006c185ff18,0x00000006cc300000)
 Metaspace       used 19544K, capacity 19728K, committed 19968K, reserved 1067008K
  class space    used 2345K, capacity 2436K, committed 2560K, reserved 1048576K
}
Event: 1.129 GC heap before
{Heap before GC invocations=2 (full 0):
 PSYoungGen      total 76288K, used 16432K [0x000000076b300000, 0x0000000770800000, 0x00000007c0000000)
  eden space 65536K, 8% used [0x000000076b300000,0x000000076b893258,0x000000076f300000)
  from space 10752K, 99% used [0x000000076f300000,0x000000076fd79078,0x000000076fd80000)
  to   space 10752K, 0% used [0x000000076fd80000,0x000000076fd80000,0x0000000770800000)
 ParOldGen       total 175104K, used 383K [0x00000006c1800000, 0x00000006cc300000, 0x000000076b300000)
  object space 175104K, 0% used [0x00000006c1800000,0x00000006c185ff18,0x00000006cc300000)
 Metaspace       used 21037K, capacity 21168K, committed 21248K, reserved 1069056K
  class space    used 2468K, capacity 2532K, committed 2560K, reserved 1048576K
Event: 1.133 GC heap after
Heap after GC invocations=2 (full 0):
 PSYoungGen      total 76288K, used 6482K [0x000000076b300000, 0x0000000774800000, 0x00000007c0000000)
  eden space 65536K, 0% used [0x000000076b300000,0x000000076b300000,0x000000076f300000)
  from space 10752K, 60% used [0x000000076fd80000,0x00000007703d49a0,0x0000000770800000)
  to   space 10752K, 0% used [0x000000076f300000,0x000000076f300000,0x000000076fd80000)
 ParOldGen       total 175104K, used 391K [0x00000006c1800000, 0x00000006cc300000, 0x000000076b300000)
  object space 175104K, 0% used [0x00000006c1800000,0x00000006c1861f18,0x00000006cc300000)
 Metaspace       used 21037K, capacity 21168K, committed 21248K, reserved 1069056K
  class space    used 2468K, capacity 2532K, committed 2560K, reserved 1048576K
}
Event: 1.133 GC heap before
{Heap before GC invocations=3 (full 1):
 PSYoungGen      total 76288K, used 6482K [0x000000076b300000, 0x0000000774800000, 0x00000007c0000000)
  eden space 65536K, 0% used [0x000000076b300000,0x000000076b300000,0x000000076f300000)
  from space 10752K, 60% used [0x000000076fd80000,0x00000007703d49a0,0x0000000770800000)
  to   space 10752K, 0% used [0x000000076f300000,0x000000076f300000,0x000000076fd80000)
 ParOldGen       total 175104K, used 391K [0x00000006c1800000, 0x00000006cc300000, 0x000000076b300000)
  object space 175104K, 0% used [0x00000006c1800000,0x00000006c1861f18,0x00000006cc300000)
 Metaspace       used 21037K, capacity 21168K, committed 21248K, reserved 1069056K
  class space    used 2468K, capacity 2532K, committed 2560K, reserved 1048576K
Event: 1.152 GC heap after
Heap after GC invocations=3 (full 1):
 PSYoungGen      total 76288K, used 0K [0x000000076b300000, 0x0000000774800000, 0x00000007c0000000)
  eden space 65536K, 0% used [0x000000076b300000,0x000000076b300000,0x000000076f300000)
  from space 10752K, 0% used [0x000000076fd80000,0x000000076fd80000,0x0000000770800000)
  to   space 10752K, 0% used [0x000000076f300000,0x000000076f300000,0x000000076fd80000)
 ParOldGen       total 98304K, used 6317K [0x00000006c1800000, 0x00000006c7800000, 0x000000076b300000)
  object space 98304K, 6% used [0x00000006c1800000,0x00000006c1e2b578,0x00000006c7800000)
 Metaspace       used 21037K, capacity 21168K, committed 21248K, reserved 1069056K
  class space    used 2468K, capacity 2532K, committed 2560K, reserved 1048576K
}
Event: 5.186 GC heap before
{Heap before GC invocations=4 (full 1):
 PSYoungGen      total 76288K, used 65536K [0x000000076b300000, 0x0000000774800000, 0x00000007c0000000)
  eden space 65536K, 100% used [0x000000076b300000,0x000000076f300000,0x000000076f300000)
  from space 10752K, 0% used [0x000000076fd80000,0x000000076fd80000,0x0000000770800000)
  to   space 10752K, 0% used [0x000000076f300000,0x000000076f300000,0x000000076fd80000)
 ParOldGen       total 98304K, used 6317K [0x00000006c1800000, 0x00000006c7800000, 0x000000076b300000)
  object space 98304K, 6% used [0x00000006c1800000,0x00000006c1e2b578,0x00000006c7800000)
 Metaspace       used 32786K, capacity 33026K, committed 33408K, reserved 1079296K
  class space    used 4036K, capacity 4118K, committed 4224K, reserved 1048576K
Event: 5.191 GC heap after
Heap after GC invocations=4 (full 1):
 PSYoungGen      total 76288K, used 10742K [0x000000076b300000, 0x0000000772980000, 0x00000007c0000000)
  eden space 65536K, 0% used [0x000000076b300000,0x000000076b300000,0x000000076f300000)
  from space 10752K, 99% used [0x000000076f300000,0x000000076fd7da10,0x000000076fd80000)
  to   space 10752K, 0% used [0x0000000771f00000,0x0000000771f00000,0x0000000772980000)
 ParOldGen       total 98304K, used 11028K [0x00000006c1800000, 0x00000006c7800000, 0x000000076b300000)
  object space 98304K, 11% used [0x00000006c1800000,0x00000006c22c5200,0x00000006c7800000)
 Metaspace       used 32786K, capacity 33026K, committed 33408K, reserved 1079296K
  class space    used 4036K, capacity 4118K, committed 4224K, reserved 1048576K
}

