# JRE version: Java(TM) SE Runtime Environment (8.0_181-b13) (build 1.8.0_181-b13)
# Java VM: Java HotSpot(TM) 64-Bit Server VM (25.181-b13 mixed mode windows-amd64 compressed oops)
Heap:
 PSYoungGen      total 76288K, used 22009K [0x000000076b300000, 0x0000000772700000, 0x00000007c0000000)
  eden space 65536K, 17% used [0x000000076b300000,0x000000076be031b8,0x000000076f300000)
  from space 10752K, 99% used [0x000000076f300000,0x000000076fd7b610,0x000000076fd80000)
  to   space 10752K, 0% used [0x0000000771c80000,0x0000000771c80000,0x0000000772700000)
 ParOldGen       total 100864K, used 22323K [0x00000006c1800000, 0x00000006c7a80000, 0x000000076b300000)
  object space 100864K, 22% used [0x00000006c1800000,0x00000006c2dccf28,0x00000006c7a80000)
 Metaspace       used 34344K, capacity 34632K, committed 35072K, reserved 1079296K
  class space    used 4204K, capacity 4313K, committed 4352K, reserved 1048576K
GC Heap History (8 events):
Event: 1.063 GC heap before
{Heap before GC invocations=1 (full 0):
 PSYoungGen      total 76288K, used 65536K [0x000000076b300000, 0x0000000770800000, 0x00000007c0000000)
  eden space 65536K, 100% used [0x000000076b300000,0x000000076f300000,0x000000076f300000)
  from space 10752K, 0% used [0x000000076fd80000,0x000000076fd80000,0x0000000770800000)
  to   space 10752K, 0% used [0x000000076f300000,0x000000076f300000,0x000000076fd80000)
 ParOldGen       total 175104K, used 0K [0x00000006c1800000, 0x00000006cc300000, 0x000000076b300000)
  object space 175104K, 0% used [0x00000006c1800000,0x00000006c1800000,0x00000006cc300000)
 Metaspace       used 19470K, capacity 19632K, committed 19840K, reserved 1067008K
  class space    used 2321K, capacity 2404K, committed 2432K, reserved 1048576K
Event: 1.072 GC heap after
Heap after GC invocations=1 (full 0):
 PSYoungGen      total 76288K, used 10733K [0x000000076b300000, 0x0000000770800000, 0x00000007c0000000)
  eden space 65536K, 0% used [0x000000076b300000,0x000000076b300000,0x000000076f300000)
  from space 10752K, 99% used [0x000000076f300000,0x000000076fd7b748,0x000000076fd80000)
  to   space 10752K, 0% used [0x000000076fd80000,0x000000076fd80000,0x0000000770800000)
 ParOldGen       total 175104K, used 551K [0x00000006c1800000, 0x00000006cc300000, 0x000000076b300000)
  object space 175104K, 0% used [0x00000006c1800000,0x00000006c1889ef0,0x00000006cc300000)
 Metaspace       used 19470K, capacity 19632K, committed 19840K, reserved 1067008K
  class space    used 2321K, capacity 2404K, committed 2432K, reserved 1048576K
}
Event: 1.166 GC heap before
{Heap before GC invocations=2 (full 0):
 PSYoungGen      total 76288K, used 16420K [0x000000076b300000, 0x0000000770800000, 0x00000007c0000000)
  eden space 65536K, 8% used [0x000000076b300000,0x000000076b88dbb0,0x000000076f300000)
  from space 10752K, 99% used [0x000000076f300000,0x000000076fd7b748,0x000000076fd80000)
  to   space 10752K, 0% used [0x000000076fd80000,0x000000076fd80000,0x0000000770800000)
 ParOldGen       total 175104K, used 551K [0x00000006c1800000, 0x00000006cc300000, 0x000000076b300000)
  object space 175104K, 0% used [0x00000006c1800000,0x00000006c1889ef0,0x00000006cc300000)
 Metaspace       used 21034K, capacity 21168K, committed 21248K, reserved 1069056K
  class space    used 2457K, capacity 2532K, committed 2560K, reserved 1048576K
Event: 1.171 GC heap after
Heap after GC invocations=2 (full 0):
 PSYoungGen      total 76288K, used 6500K [0x000000076b300000, 0x0000000774800000, 0x00000007c0000000)
  eden space 65536K, 0% used [0x000000076b300000,0x000000076b300000,0x000000076f300000)
  from space 10752K, 60% used [0x000000076fd80000,0x00000007703d93d0,0x0000000770800000)
  to   space 10752K, 0% used [0x000000076f300000,0x000000076f300000,0x000000076fd80000)
 ParOldGen       total 175104K, used 559K [0x00000006c1800000, 0x00000006cc300000, 0x000000076b300000)
  object space 175104K, 0% used [0x00000006c1800000,0x00000006c188bef0,0x00000006cc300000)
 Metaspace       used 21034K, capacity 21168K, committed 21248K, reserved 1069056K
  class space    used 2457K, capacity 2532K, committed 2560K, reserved 1048576K
}
Event: 1.171 GC heap before
{Heap before GC invocations=3 (full 1):
 PSYoungGen      total 76288K, used 6500K [0x000000076b300000, 0x0000000774800000, 0x00000007c0000000)
  eden space 65536K, 0% used [0x000000076b300000,0x000000076b300000,0x000000076f300000)
  from space 10752K, 60% used [0x000000076fd80000,0x00000007703d93d0,0x0000000770800000)
  to   space 10752K, 0% used [0x000000076f300000,0x000000076f300000,0x000000076fd80000)
 ParOldGen       total 175104K, used 559K [0x00000006c1800000, 0x00000006cc300000, 0x000000076b300000)
  object space 175104K, 0% used [0x00000006c1800000,0x00000006c188bef0,0x00000006cc300000)
 Metaspace       used 21034K, capacity 21168K, committed 21248K, reserved 1069056K
  class space    used 2457K, capacity 2532K, committed 2560K, reserved 1048576K
Event: 1.191 GC heap after
Heap after GC invocations=3 (full 1):
 PSYoungGen      total 76288K, used 0K [0x000000076b300000, 0x0000000774800000, 0x00000007c0000000)
  eden space 65536K, 0% used [0x000000076b300000,0x000000076b300000,0x000000076f300000)
  from space 10752K, 0% used [0x000000076fd80000,0x000000076fd80000,0x0000000770800000)
  to   space 10752K, 0% used [0x000000076f300000,0x000000076f300000,0x000000076fd80000)
 ParOldGen       total 100864K, used 6338K [0x00000006c1800000, 0x00000006c7a80000, 0x000000076b300000)
  object space 100864K, 6% used [0x00000006c1800000,0x00000006c1e30858,0x00000006c7a80000)
 Metaspace       used 21034K, capacity 21168K, committed 21248K, reserved 1069056K
  class space    used 2457K, capacity 2532K, committed 2560K, reserved 1048576K
}
Event: 5.337 GC heap before
{Heap before GC invocations=4 (full 1):
 PSYoungGen      total 76288K, used 65536K [0x000000076b300000, 0x0000000774800000, 0x00000007c0000000)
  eden space 65536K, 100% used [0x000000076b300000,0x000000076f300000,0x000000076f300000)
  from space 10752K, 0% used [0x000000076fd80000,0x000000076fd80000,0x0000000770800000)
  to   space 10752K, 0% used [0x000000076f300000,0x000000076f300000,0x000000076fd80000)
 ParOldGen       total 100864K, used 6338K [0x00000006c1800000, 0x00000006c7a80000, 0x000000076b300000)
  object space 100864K, 6% used [0x00000006c1800000,0x00000006c1e30858,0x00000006c7a80000)
 Metaspace       used 32979K, capacity 33186K, committed 33408K, reserved 1079296K
  class space    used 4064K, capacity 4150K, committed 4224K, reserved 1048576K
Event: 5.345 GC heap after
Heap after GC invocations=4 (full 1):
 PSYoungGen      total 76288K, used 10733K [0x000000076b300000, 0x0000000772700000, 0x00000007c0000000)
  eden space 65536K, 0% used [0x000000076b300000,0x000000076b300000,0x000000076f300000)
  from space 10752K, 99% used [0x000000076f300000,0x000000076fd7b610,0x000000076fd80000)
  to   space 10752K, 0% used [0x0000000771c80000,0x0000000771c80000,0x0000000772700000)
 ParOldGen       total 100864K, used 22323K [0x00000006c1800000, 0x00000006c7a80000, 0x000000076b300000)
  object space 100864K, 22% used [0x00000006c1800000,0x00000006c2dccf28,0x00000006c7a80000)
 Metaspace       used 32979K, capacity 33186K, committed 33408K, reserved 1079296K
  class space    used 4064K, capacity 4150K, committed 4224K, reserved 1048576K
}

