# JRE version: Java(TM) SE Runtime Environment (8.0_181-b13) (build 1.8.0_181-b13)
# Java VM: Java HotSpot(TM) 64-Bit Server VM (25.181-b13 mixed mode windows-amd64 compressed oops)
Heap:
 PSYoungGen      total 76288K, used 21598K [0x000000076b300000, 0x0000000772a00000, 0x00000007c0000000)
  eden space 65536K, 16% used [0x000000076b300000,0x000000076bd982a8,0x000000076f300000)
  from space 10752K, 99% used [0x000000076f300000,0x000000076fd7f620,0x000000076fd80000)
  to   space 10752K, 0% used [0x0000000771f80000,0x0000000771f80000,0x0000000772a00000)
 ParOldGen       total 97792K, used 11269K [0x00000006c1800000, 0x00000006c7780000, 0x000000076b300000)
  object space 97792K, 11% used [0x00000006c1800000,0x00000006c23016e8,0x00000006c7780000)
 Metaspace       used 34332K, capacity 34632K, committed 35072K, reserved 1079296K
  class space    used 4215K, capacity 4313K, committed 4352K, reserved 1048576K
GC Heap History (8 events):
Event: 0.962 GC heap before
{Heap before GC invocations=1 (full 0):
 PSYoungGen      total 76288K, used 65536K [0x000000076b300000, 0x0000000770800000, 0x00000007c0000000)
  eden space 65536K, 100% used [0x000000076b300000,0x000000076f300000,0x000000076f300000)
  from space 10752K, 0% used [0x000000076fd80000,0x000000076fd80000,0x0000000770800000)
  to   space 10752K, 0% used [0x000000076f300000,0x000000076f300000,0x000000076fd80000)
 ParOldGen       total 175104K, used 0K [0x00000006c1800000, 0x00000006cc300000, 0x000000076b300000)
  object space 175104K, 0% used [0x00000006c1800000,0x00000006c1800000,0x00000006cc300000)
 Metaspace       used 19532K, capacity 19728K, committed 19968K, reserved 1067008K
  class space    used 2348K, capacity 2436K, committed 2560K, reserved 1048576K
Event: 0.969 GC heap after
Heap after GC invocations=1 (full 0):
 PSYoungGen      total 76288K, used 10750K [0x000000076b300000, 0x0000000770800000, 0x00000007c0000000)
  eden space 65536K, 0% used [0x000000076b300000,0x000000076b300000,0x000000076f300000)
  from space 10752K, 99% used [0x000000076f300000,0x000000076fd7f8d8,0x000000076fd80000)
  to   space 10752K, 0% used [0x000000076fd80000,0x000000076fd80000,0x0000000770800000)
 ParOldGen       total 175104K, used 372K [0x00000006c1800000, 0x00000006cc300000, 0x000000076b300000)
  object space 175104K, 0% used [0x00000006c1800000,0x00000006c185d180,0x00000006cc300000)
 Metaspace       used 19532K, capacity 19728K, committed 19968K, reserved 1067008K
  class space    used 2348K, capacity 2436K, committed 2560K, reserved 1048576K
}
Event: 1.042 GC heap before
{Heap before GC invocations=2 (full 0):
 PSYoungGen      total 76288K, used 16509K [0x000000076b300000, 0x0000000770800000, 0x00000007c0000000)
  eden space 65536K, 8% used [0x000000076b300000,0x000000076b89fb38,0x000000076f300000)
  from space 10752K, 99% used [0x000000076f300000,0x000000076fd7f8d8,0x000000076fd80000)
  to   space 10752K, 0% used [0x000000076fd80000,0x000000076fd80000,0x0000000770800000)
 ParOldGen       total 175104K, used 372K [0x00000006c1800000, 0x00000006cc300000, 0x000000076b300000)
  object space 175104K, 0% used [0x00000006c1800000,0x00000006c185d180,0x00000006cc300000)
 Metaspace       used 21063K, capacity 21168K, committed 21248K, reserved 1069056K
  class space    used 2472K, capacity 2532K, committed 2560K, reserved 1048576K
Event: 1.047 GC heap after
Heap after GC invocations=2 (full 0):
 PSYoungGen      total 76288K, used 6480K [0x000000076b300000, 0x0000000774800000, 0x00000007c0000000)
  eden space 65536K, 0% used [0x000000076b300000,0x000000076b300000,0x000000076f300000)
  from space 10752K, 60% used [0x000000076fd80000,0x00000007703d43c0,0x0000000770800000)
  to   space 10752K, 0% used [0x000000076f300000,0x000000076f300000,0x000000076fd80000)
 ParOldGen       total 175104K, used 380K [0x00000006c1800000, 0x00000006cc300000, 0x000000076b300000)
  object space 175104K, 0% used [0x00000006c1800000,0x00000006c185f180,0x00000006cc300000)
 Metaspace       used 21063K, capacity 21168K, committed 21248K, reserved 1069056K
  class space    used 2472K, capacity 2532K, committed 2560K, reserved 1048576K
}
Event: 1.047 GC heap before
{Heap before GC invocations=3 (full 1):
 PSYoungGen      total 76288K, used 6480K [0x000000076b300000, 0x0000000774800000, 0x00000007c0000000)
  eden space 65536K, 0% used [0x000000076b300000,0x000000076b300000,0x000000076f300000)
  from space 10752K, 60% used [0x000000076fd80000,0x00000007703d43c0,0x0000000770800000)
  to   space 10752K, 0% used [0x000000076f300000,0x000000076f300000,0x000000076fd80000)
 ParOldGen       total 175104K, used 380K [0x00000006c1800000, 0x00000006cc300000, 0x000000076b300000)
  object space 175104K, 0% used [0x00000006c1800000,0x00000006c185f180,0x00000006cc300000)
 Metaspace       used 21063K, capacity 21168K, committed 21248K, reserved 1069056K
  class space    used 2472K, capacity 2532K, committed 2560K, reserved 1048576K
Event: 1.066 GC heap after
Heap after GC invocations=3 (full 1):
 PSYoungGen      total 76288K, used 0K [0x000000076b300000, 0x0000000774800000, 0x00000007c0000000)
  eden space 65536K, 0% used [0x000000076b300000,0x000000076b300000,0x000000076f300000)
  from space 10752K, 0% used [0x000000076fd80000,0x000000076fd80000,0x0000000770800000)
  to   space 10752K, 0% used [0x000000076f300000,0x000000076f300000,0x000000076fd80000)
 ParOldGen       total 97792K, used 6329K [0x00000006c1800000, 0x00000006c7780000, 0x000000076b300000)
  object space 97792K, 6% used [0x00000006c1800000,0x00000006c1e2e4e8,0x00000006c7780000)
 Metaspace       used 21063K, capacity 21168K, committed 21248K, reserved 1069056K
  class space    used 2472K, capacity 2532K, committed 2560K, reserved 1048576K
}
Event: 7.010 GC heap before
{Heap before GC invocations=4 (full 1):
 PSYoungGen      total 76288K, used 65536K [0x000000076b300000, 0x0000000774800000, 0x00000007c0000000)
  eden space 65536K, 100% used [0x000000076b300000,0x000000076f300000,0x000000076f300000)
  from space 10752K, 0% used [0x000000076fd80000,0x000000076fd80000,0x0000000770800000)
  to   space 10752K, 0% used [0x000000076f300000,0x000000076f300000,0x000000076fd80000)
 ParOldGen       total 97792K, used 6329K [0x00000006c1800000, 0x00000006c7780000, 0x000000076b300000)
  object space 97792K, 6% used [0x00000006c1800000,0x00000006c1e2e4e8,0x00000006c7780000)
 Metaspace       used 32926K, capacity 33154K, committed 33408K, reserved 1079296K
  class space    used 4047K, capacity 4118K, committed 4224K, reserved 1048576K
Event: 7.015 GC heap after
Heap after GC invocations=4 (full 1):
 PSYoungGen      total 76288K, used 10749K [0x000000076b300000, 0x0000000772a00000, 0x00000007c0000000)
  eden space 65536K, 0% used [0x000000076b300000,0x000000076b300000,0x000000076f300000)
  from space 10752K, 99% used [0x000000076f300000,0x000000076fd7f620,0x000000076fd80000)
  to   space 10752K, 0% used [0x0000000771f80000,0x0000000771f80000,0x0000000772a00000)
 ParOldGen       total 97792K, used 11269K [0x00000006c1800000, 0x00000006c7780000, 0x000000076b300000)
  object space 97792K, 11% used [0x00000006c1800000,0x00000006c23016e8,0x00000006c7780000)
 Metaspace       used 32926K, capacity 33154K, committed 33408K, reserved 1079296K
  class space    used 4047K, capacity 4118K, committed 4224K, reserved 1048576K
}

