# JRE version: Java(TM) SE Runtime Environment (8.0_181-b13) (build 1.8.0_181-b13)
# Java VM: Java HotSpot(TM) 64-Bit Server VM (25.181-b13 mixed mode windows-amd64 compressed oops)
Heap:
 PSYoungGen      total 76288K, used 24264K [0x000000076b300000, 0x0000000772980000, 0x00000007c0000000)
  eden space 65536K, 20% used [0x000000076b300000,0x000000076c032db8,0x000000076f300000)
  from space 10752K, 99% used [0x000000076f300000,0x000000076fd7f620,0x000000076fd80000)
  to   space 10752K, 0% used [0x0000000771f00000,0x0000000771f00000,0x0000000772980000)
 ParOldGen       total 98304K, used 22321K [0x00000006c1800000, 0x00000006c7800000, 0x000000076b300000)
  object space 98304K, 22% used [0x00000006c1800000,0x00000006c2dcc7b8,0x00000006c7800000)
 Metaspace       used 34354K, capacity 34632K, committed 35072K, reserved 1079296K
  class space    used 4202K, capacity 4313K, committed 4352K, reserved 1048576K
GC Heap History (8 events):
Event: 0.959 GC heap before
{Heap before GC invocations=1 (full 0):
 PSYoungGen      total 76288K, used 65536K [0x000000076b300000, 0x0000000770800000, 0x00000007c0000000)
  eden space 65536K, 100% used [0x000000076b300000,0x000000076f300000,0x000000076f300000)
  from space 10752K, 0% used [0x000000076fd80000,0x000000076fd80000,0x0000000770800000)
  to   space 10752K, 0% used [0x000000076f300000,0x000000076f300000,0x000000076fd80000)
 ParOldGen       total 175104K, used 0K [0x00000006c1800000, 0x00000006cc300000, 0x000000076b300000)
  object space 175104K, 0% used [0x00000006c1800000,0x00000006c1800000,0x00000006cc300000)
 Metaspace       used 19508K, capacity 19728K, committed 19968K, reserved 1067008K
  class space    used 2343K, capacity 2436K, committed 2560K, reserved 1048576K
Event: 0.966 GC heap after
Heap after GC invocations=1 (full 0):
 PSYoungGen      total 76288K, used 10732K [0x000000076b300000, 0x0000000770800000, 0x00000007c0000000)
  eden space 65536K, 0% used [0x000000076b300000,0x000000076b300000,0x000000076f300000)
  from space 10752K, 99% used [0x000000076f300000,0x000000076fd7b2b8,0x000000076fd80000)
  to   space 10752K, 0% used [0x000000076fd80000,0x000000076fd80000,0x0000000770800000)
 ParOldGen       total 175104K, used 393K [0x00000006c1800000, 0x00000006cc300000, 0x000000076b300000)
  object space 175104K, 0% used [0x00000006c1800000,0x00000006c1862728,0x00000006cc300000)
 Metaspace       used 19508K, capacity 19728K, committed 19968K, reserved 1067008K
  class space    used 2343K, capacity 2436K, committed 2560K, reserved 1048576K
}
Event: 1.042 GC heap before
{Heap before GC invocations=2 (full 0):
 PSYoungGen      total 76288K, used 16441K [0x000000076b300000, 0x0000000770800000, 0x00000007c0000000)
  eden space 65536K, 8% used [0x000000076b300000,0x000000076b8931d8,0x000000076f300000)
  from space 10752K, 99% used [0x000000076f300000,0x000000076fd7b2b8,0x000000076fd80000)
  to   space 10752K, 0% used [0x000000076fd80000,0x000000076fd80000,0x0000000770800000)
 ParOldGen       total 175104K, used 393K [0x00000006c1800000, 0x00000006cc300000, 0x000000076b300000)
  object space 175104K, 0% used [0x00000006c1800000,0x00000006c1862728,0x00000006cc300000)
 Metaspace       used 21049K, capacity 21168K, committed 21248K, reserved 1069056K
  class space    used 2466K, capacity 2532K, committed 2560K, reserved 1048576K
Event: 1.046 GC heap after
Heap after GC invocations=2 (full 0):
 PSYoungGen      total 76288K, used 6436K [0x000000076b300000, 0x0000000774800000, 0x00000007c0000000)
  eden space 65536K, 0% used [0x000000076b300000,0x000000076b300000,0x000000076f300000)
  from space 10752K, 59% used [0x000000076fd80000,0x00000007703c93f0,0x0000000770800000)
  to   space 10752K, 0% used [0x000000076f300000,0x000000076f300000,0x000000076fd80000)
 ParOldGen       total 175104K, used 401K [0x00000006c1800000, 0x00000006cc300000, 0x000000076b300000)
  object space 175104K, 0% used [0x00000006c1800000,0x00000006c1864728,0x00000006cc300000)
 Metaspace       used 21049K, capacity 21168K, committed 21248K, reserved 1069056K
  class space    used 2466K, capacity 2532K, committed 2560K, reserved 1048576K
}
Event: 1.046 GC heap before
{Heap before GC invocations=3 (full 1):
 PSYoungGen      total 76288K, used 6436K [0x000000076b300000, 0x0000000774800000, 0x00000007c0000000)
  eden space 65536K, 0% used [0x000000076b300000,0x000000076b300000,0x000000076f300000)
  from space 10752K, 59% used [0x000000076fd80000,0x00000007703c93f0,0x0000000770800000)
  to   space 10752K, 0% used [0x000000076f300000,0x000000076f300000,0x000000076fd80000)
 ParOldGen       total 175104K, used 401K [0x00000006c1800000, 0x00000006cc300000, 0x000000076b300000)
  object space 175104K, 0% used [0x00000006c1800000,0x00000006c1864728,0x00000006cc300000)
 Metaspace       used 21049K, capacity 21168K, committed 21248K, reserved 1069056K
  class space    used 2466K, capacity 2532K, committed 2560K, reserved 1048576K
Event: 1.065 GC heap after
Heap after GC invocations=3 (full 1):
 PSYoungGen      total 76288K, used 0K [0x000000076b300000, 0x0000000774800000, 0x00000007c0000000)
  eden space 65536K, 0% used [0x000000076b300000,0x000000076b300000,0x000000076f300000)
  from space 10752K, 0% used [0x000000076fd80000,0x000000076fd80000,0x0000000770800000)
  to   space 10752K, 0% used [0x000000076f300000,0x000000076f300000,0x000000076fd80000)
 ParOldGen       total 98304K, used 6326K [0x00000006c1800000, 0x00000006c7800000, 0x000000076b300000)
  object space 98304K, 6% used [0x00000006c1800000,0x00000006c1e2db08,0x00000006c7800000)
 Metaspace       used 21049K, capacity 21168K, committed 21248K, reserved 1069056K
  class space    used 2466K, capacity 2532K, committed 2560K, reserved 1048576K
}
Event: 7.232 GC heap before
{Heap before GC invocations=4 (full 1):
 PSYoungGen      total 76288K, used 65536K [0x000000076b300000, 0x0000000774800000, 0x00000007c0000000)
  eden space 65536K, 100% used [0x000000076b300000,0x000000076f300000,0x000000076f300000)
  from space 10752K, 0% used [0x000000076fd80000,0x000000076fd80000,0x0000000770800000)
  to   space 10752K, 0% used [0x000000076f300000,0x000000076f300000,0x000000076fd80000)
 ParOldGen       total 98304K, used 6326K [0x00000006c1800000, 0x00000006c7800000, 0x000000076b300000)
  object space 98304K, 6% used [0x00000006c1800000,0x00000006c1e2db08,0x00000006c7800000)
 Metaspace       used 32770K, capacity 33026K, committed 33408K, reserved 1079296K
  class space    used 4032K, capacity 4118K, committed 4224K, reserved 1048576K
Event: 7.238 GC heap after
Heap after GC invocations=4 (full 1):
 PSYoungGen      total 76288K, used 10749K [0x000000076b300000, 0x0000000772980000, 0x00000007c0000000)
  eden space 65536K, 0% used [0x000000076b300000,0x000000076b300000,0x000000076f300000)
  from space 10752K, 99% used [0x000000076f300000,0x000000076fd7f620,0x000000076fd80000)
  to   space 10752K, 0% used [0x0000000771f00000,0x0000000771f00000,0x0000000772980000)
 ParOldGen       total 98304K, used 22321K [0x00000006c1800000, 0x00000006c7800000, 0x000000076b300000)
  object space 98304K, 22% used [0x00000006c1800000,0x00000006c2dcc7b8,0x00000006c7800000)
 Metaspace       used 32770K, capacity 33026K, committed 33408K, reserved 1079296K
  class space    used 4032K, capacity 4118K, committed 4224K, reserved 1048576K
}

