# JRE version: Java(TM) SE Runtime Environment (8.0_181-b13) (build 1.8.0_181-b13)
# Java VM: Java HotSpot(TM) 64-Bit Server VM (25.181-b13 mixed mode windows-amd64 compressed oops)
Heap:
 PSYoungGen      total 76288K, used 22226K [0x000000076b300000, 0x0000000772680000, 0x00000007c0000000)
  eden space 65536K, 17% used [0x000000076b300000,0x000000076be378e0,0x000000076f300000)
  from space 10752K, 99% used [0x000000076f300000,0x000000076fd7d220,0x000000076fd80000)
  to   space 10752K, 0% used [0x0000000771c00000,0x0000000771c00000,0x0000000772680000)
 ParOldGen       total 101376K, used 11279K [0x00000006c1800000, 0x00000006c7b00000, 0x000000076b300000)
  object space 101376K, 11% used [0x00000006c1800000,0x00000006c2303c08,0x00000006c7b00000)
 Metaspace       used 34454K, capacity 34696K, committed 35072K, reserved 1079296K
  class space    used 4202K, capacity 4313K, committed 4352K, reserved 1048576K
GC Heap History (8 events):
Event: 1.247 GC heap before
{Heap before GC invocations=1 (full 0):
 PSYoungGen      total 76288K, used 65536K [0x000000076b300000, 0x0000000770800000, 0x00000007c0000000)
  eden space 65536K, 100% used [0x000000076b300000,0x000000076f300000,0x000000076f300000)
  from space 10752K, 0% used [0x000000076fd80000,0x000000076fd80000,0x0000000770800000)
  to   space 10752K, 0% used [0x000000076f300000,0x000000076f300000,0x000000076fd80000)
 ParOldGen       total 175104K, used 0K [0x00000006c1800000, 0x00000006cc300000, 0x000000076b300000)
  object space 175104K, 0% used [0x00000006c1800000,0x00000006c1800000,0x00000006cc300000)
 Metaspace       used 19433K, capacity 19632K, committed 19840K, reserved 1067008K
  class space    used 2322K, capacity 2404K, committed 2432K, reserved 1048576K
Event: 1.254 GC heap after
Heap after GC invocations=1 (full 0):
 PSYoungGen      total 76288K, used 10749K [0x000000076b300000, 0x0000000770800000, 0x00000007c0000000)
  eden space 65536K, 0% used [0x000000076b300000,0x000000076b300000,0x000000076f300000)
  from space 10752K, 99% used [0x000000076f300000,0x000000076fd7f5e0,0x000000076fd80000)
  to   space 10752K, 0% used [0x000000076fd80000,0x000000076fd80000,0x0000000770800000)
 ParOldGen       total 175104K, used 460K [0x00000006c1800000, 0x00000006cc300000, 0x000000076b300000)
  object space 175104K, 0% used [0x00000006c1800000,0x00000006c1873380,0x00000006cc300000)
 Metaspace       used 19433K, capacity 19632K, committed 19840K, reserved 1067008K
  class space    used 2322K, capacity 2404K, committed 2432K, reserved 1048576K
}
Event: 1.375 GC heap before
{Heap before GC invocations=2 (full 0):
 PSYoungGen      total 76288K, used 17693K [0x000000076b300000, 0x0000000770800000, 0x00000007c0000000)
  eden space 65536K, 10% used [0x000000076b300000,0x000000076b9c8040,0x000000076f300000)
  from space 10752K, 99% used [0x000000076f300000,0x000000076fd7f5e0,0x000000076fd80000)
  to   space 10752K, 0% used [0x000000076fd80000,0x000000076fd80000,0x0000000770800000)
 ParOldGen       total 175104K, used 460K [0x00000006c1800000, 0x00000006cc300000, 0x000000076b300000)
  object space 175104K, 0% used [0x00000006c1800000,0x00000006c1873380,0x00000006cc300000)
 Metaspace       used 21027K, capacity 21168K, committed 21248K, reserved 1069056K
  class space    used 2457K, capacity 2532K, committed 2560K, reserved 1048576K
Event: 1.379 GC heap after
Heap after GC invocations=2 (full 0):
 PSYoungGen      total 76288K, used 6451K [0x000000076b300000, 0x0000000774800000, 0x00000007c0000000)
  eden space 65536K, 0% used [0x000000076b300000,0x000000076b300000,0x000000076f300000)
  from space 10752K, 60% used [0x000000076fd80000,0x00000007703cce28,0x0000000770800000)
  to   space 10752K, 0% used [0x000000076f300000,0x000000076f300000,0x000000076fd80000)
 ParOldGen       total 175104K, used 468K [0x00000006c1800000, 0x00000006cc300000, 0x000000076b300000)
  object space 175104K, 0% used [0x00000006c1800000,0x00000006c1875380,0x00000006cc300000)
 Metaspace       used 21027K, capacity 21168K, committed 21248K, reserved 1069056K
  class space    used 2457K, capacity 2532K, committed 2560K, reserved 1048576K
}
Event: 1.379 GC heap before
{Heap before GC invocations=3 (full 1):
 PSYoungGen      total 76288K, used 6451K [0x000000076b300000, 0x0000000774800000, 0x00000007c0000000)
  eden space 65536K, 0% used [0x000000076b300000,0x000000076b300000,0x000000076f300000)
  from space 10752K, 60% used [0x000000076fd80000,0x00000007703cce28,0x0000000770800000)
  to   space 10752K, 0% used [0x000000076f300000,0x000000076f300000,0x000000076fd80000)
 ParOldGen       total 175104K, used 468K [0x00000006c1800000, 0x00000006cc300000, 0x000000076b300000)
  object space 175104K, 0% used [0x00000006c1800000,0x00000006c1875380,0x00000006cc300000)
 Metaspace       used 21027K, capacity 21168K, committed 21248K, reserved 1069056K
  class space    used 2457K, capacity 2532K, committed 2560K, reserved 1048576K
Event: 1.400 GC heap after
Heap after GC invocations=3 (full 1):
 PSYoungGen      total 76288K, used 0K [0x000000076b300000, 0x0000000774800000, 0x00000007c0000000)
  eden space 65536K, 0% used [0x000000076b300000,0x000000076b300000,0x000000076f300000)
  from space 10752K, 0% used [0x000000076fd80000,0x000000076fd80000,0x0000000770800000)
  to   space 10752K, 0% used [0x000000076f300000,0x000000076f300000,0x000000076fd80000)
 ParOldGen       total 101376K, used 6352K [0x00000006c1800000, 0x00000006c7b00000, 0x000000076b300000)
  object space 101376K, 6% used [0x00000006c1800000,0x00000006c1e34218,0x00000006c7b00000)
 Metaspace       used 21027K, capacity 21168K, committed 21248K, reserved 1069056K
  class space    used 2457K, capacity 2532K, committed 2560K, reserved 1048576K
}
Event: 6.143 GC heap before
{Heap before GC invocations=4 (full 1):
 PSYoungGen      total 76288K, used 65536K [0x000000076b300000, 0x0000000774800000, 0x00000007c0000000)
  eden space 65536K, 100% used [0x000000076b300000,0x000000076f300000,0x000000076f300000)
  from space 10752K, 0% used [0x000000076fd80000,0x000000076fd80000,0x0000000770800000)
  to   space 10752K, 0% used [0x000000076f300000,0x000000076f300000,0x000000076fd80000)
 ParOldGen       total 101376K, used 6352K [0x00000006c1800000, 0x00000006c7b00000, 0x000000076b300000)
  object space 101376K, 6% used [0x00000006c1800000,0x00000006c1e34218,0x00000006c7b00000)
 Metaspace       used 32994K, capacity 33282K, committed 33664K, reserved 1079296K
  class space    used 4043K, capacity 4118K, committed 4224K, reserved 1048576K
Event: 6.150 GC heap after
Heap after GC invocations=4 (full 1):
 PSYoungGen      total 76288K, used 10740K [0x000000076b300000, 0x0000000772680000, 0x00000007c0000000)
  eden space 65536K, 0% used [0x000000076b300000,0x000000076b300000,0x000000076f300000)
  from space 10752K, 99% used [0x000000076f300000,0x000000076fd7d220,0x000000076fd80000)
  to   space 10752K, 0% used [0x0000000771c00000,0x0000000771c00000,0x0000000772680000)
 ParOldGen       total 101376K, used 11279K [0x00000006c1800000, 0x00000006c7b00000, 0x000000076b300000)
  object space 101376K, 11% used [0x00000006c1800000,0x00000006c2303c08,0x00000006c7b00000)
 Metaspace       used 32994K, capacity 33282K, committed 33664K, reserved 1079296K
  class space    used 4043K, capacity 4118K, committed 4224K, reserved 1048576K
}

